Flow report for EE443_DE2i_150
Sun Feb 09 21:21:13 2014
Quartus II 64-Bit Version 13.0.1 Build 232 06/12/2013 Service Pack 1 SJ Full Version


---------------------
; Table of Contents ;
---------------------
  1. Legal Notice
  2. Flow Summary
  3. Flow Settings
  4. Flow Non-Default Global Settings
  5. Flow Elapsed Time
  6. Flow OS Summary
  7. Flow Log
  8. Flow Messages
  9. Flow Suppressed Messages



----------------
; Legal Notice ;
----------------
Copyright (C) 1991-2013 Altera Corporation
Your use of Altera Corporation's design tools, logic functions 
and other software and tools, and its AMPP partner logic 
functions, and any output files from any of the foregoing 
(including device programming or simulation files), and any 
associated documentation or information are expressly subject 
to the terms and conditions of the Altera Program License 
Subscription Agreement, Altera MegaCore Function License 
Agreement, or other applicable license agreement, including, 
without limitation, that your use is for the sole purpose of 
programming logic devices manufactured by Altera and sold by 
Altera or its authorized distributors.  Please refer to the 
applicable agreement for further details.



+---------------------------------------------------------------------------------------+
; Flow Summary                                                                          ;
+------------------------------------+--------------------------------------------------+
; Flow Status                        ; Successful - Sun Feb 09 21:21:05 2014            ;
; Quartus II 64-Bit Version          ; 13.0.1 Build 232 06/12/2013 SP 1 SJ Full Version ;
; Revision Name                      ; EE443_DE2i_150                                   ;
; Top-level Entity Name              ; EE443_DE2i_150                                   ;
; Family                             ; Cyclone IV GX                                    ;
; Device                             ; EP4CGX150DF31C7                                  ;
; Timing Models                      ; Final                                            ;
; Total logic elements               ; 4,224 / 149,760 ( 3 % )                          ;
;     Total combinational functions  ; 3,719 / 149,760 ( 2 % )                          ;
;     Dedicated logic registers      ; 2,495 / 149,760 ( 2 % )                          ;
; Total registers                    ; 2495                                             ;
; Total pins                         ; 352 / 508 ( 69 % )                               ;
; Total virtual pins                 ; 0                                                ;
; Total memory bits                  ; 1,702,336 / 6,635,520 ( 26 % )                   ;
; Embedded Multiplier 9-bit elements ; 4 / 720 ( < 1 % )                                ;
; Total GXB Receiver Channel PCS     ; 0 / 8 ( 0 % )                                    ;
; Total GXB Receiver Channel PMA     ; 0 / 8 ( 0 % )                                    ;
; Total GXB Transmitter Channel PCS  ; 0 / 8 ( 0 % )                                    ;
; Total GXB Transmitter Channel PMA  ; 0 / 8 ( 0 % )                                    ;
; Total PLLs                         ; 1 / 8 ( 13 % )                                   ;
+------------------------------------+--------------------------------------------------+


+-----------------------------------------+
; Flow Settings                           ;
+-------------------+---------------------+
; Option            ; Setting             ;
+-------------------+---------------------+
; Start date & time ; 02/09/2014 21:19:07 ;
; Main task         ; Compilation         ;
; Revision Name     ; EE443_DE2i_150      ;
+-------------------+---------------------+


+------------------------------------------------------------------------------------------------------------------+
; Flow Non-Default Global Settings                                                                                 ;
+-------------------------------------+---------------------------------+---------------+-------------+------------+
; Assignment Name                     ; Value                           ; Default Value ; Entity Name ; Section Id ;
+-------------------------------------+---------------------------------+---------------+-------------+------------+
; COMPILER_SIGNATURE_ID               ; 203178703699494.139200954706096 ; --            ; --          ; --         ;
; PARTITION_COLOR                     ; 16764057                        ; --            ; --          ; Top        ;
; PARTITION_FITTER_PRESERVATION_LEVEL ; PLACEMENT_AND_ROUTING           ; --            ; --          ; Top        ;
; PARTITION_NETLIST_TYPE              ; SOURCE                          ; --            ; --          ; Top        ;
+-------------------------------------+---------------------------------+---------------+-------------+------------+


+-------------------------------------------------------------------------------------------------------------------------------+
; Flow Elapsed Time                                                                                                             ;
+---------------------------+--------------+-------------------------+---------------------+------------------------------------+
; Module Name               ; Elapsed Time ; Average Processors Used ; Peak Virtual Memory ; Total CPU Time (on all processors) ;
+---------------------------+--------------+-------------------------+---------------------+------------------------------------+
; Analysis & Synthesis      ; 00:00:51     ; 1.0                     ; 806 MB              ; 00:00:48                           ;
; Fitter                    ; 00:00:52     ; 2.0                     ; 1631 MB             ; 00:01:21                           ;
; Assembler                 ; 00:00:08     ; 1.0                     ; 552 MB              ; 00:00:07                           ;
; TimeQuest Timing Analyzer ; 00:00:07     ; 1.0                     ; 725 MB              ; 00:00:08                           ;
; Total                     ; 00:01:58     ; --                      ; --                  ; 00:02:24                           ;
+---------------------------+--------------+-------------------------+---------------------+------------------------------------+


+----------------------------------------------------------------------------------------+
; Flow OS Summary                                                                        ;
+---------------------------+------------------+-----------+------------+----------------+
; Module Name               ; Machine Hostname ; OS Name   ; OS Version ; Processor type ;
+---------------------------+------------------+-----------+------------+----------------+
; Analysis & Synthesis      ; EE-361PC19       ; Windows 7 ; 6.1        ; x86_64         ;
; Fitter                    ; EE-361PC19       ; Windows 7 ; 6.1        ; x86_64         ;
; Assembler                 ; EE-361PC19       ; Windows 7 ; 6.1        ; x86_64         ;
; TimeQuest Timing Analyzer ; EE-361PC19       ; Windows 7 ; 6.1        ; x86_64         ;
+---------------------------+------------------+-----------+------------+----------------+


------------
; Flow Log ;
------------
quartus_map --read_settings_files=on --write_settings_files=off EE443_DE2i_150 -c EE443_DE2i_150
quartus_fit --read_settings_files=off --write_settings_files=off EE443_DE2i_150 -c EE443_DE2i_150
quartus_asm --read_settings_files=off --write_settings_files=off EE443_DE2i_150 -c EE443_DE2i_150
quartus_sta EE443_DE2i_150 -c EE443_DE2i_150



